<?xml version="1.0" encoding="UTF-8"?>
<testng-results ignored="0" total="1" passed="1" failed="0" skipped="0">
  <reporter-output>
  </reporter-output>
  <suite started-at="2023-08-15T21:04:23 EDT" name="Default suite" finished-at="2023-08-15T21:04:27 EDT" duration-ms="4566">
    <groups>
    </groups>
    <test started-at="2023-08-15T21:04:23 EDT" name="Default test" finished-at="2023-08-15T21:04:27 EDT" duration-ms="4566">
      <class name="Demo.LaunchBrowser">
        <test-method signature="launchBrowser()[pri:0, instance:Demo.LaunchBrowser@b9b00e0]" started-at="2023-08-15T21:04:23 EDT" name="launchBrowser" finished-at="2023-08-15T21:04:27 EDT" duration-ms="4495" status="PASS">
          <reporter-output>
          </reporter-output>
        </test-method> <!-- launchBrowser -->
      </class> <!-- Demo.LaunchBrowser -->
    </test> <!-- Default test -->
  </suite> <!-- Default suite -->
</testng-results>
